[18-Aug-2021 22:53:23 Europe/Berlin] APP:: archivo Controller controllers/Film.php
[18-Aug-2021 22:53:23 Europe/Berlin] Film construct -> Inicio
[18-Aug-2021 22:53:23 Europe/Berlin] Nombre de modelo models/FilmModel.php
[18-Aug-2021 22:53:23 Europe/Berlin] Get all ejecutando
[18-Aug-2021 22:53:24 Europe/Berlin] APP:: archivo Controller controllers/views.php
[18-Aug-2021 22:53:24 Europe/Berlin] APP:: archivo Controller controllers/views.php
[18-Aug-2021 22:53:24 Europe/Berlin] No existe el archivo
[18-Aug-2021 22:53:24 Europe/Berlin] No existe el archivo
[18-Aug-2021 22:53:24 Europe/Berlin] Error construct -> Inicio
[18-Aug-2021 22:53:24 Europe/Berlin] Error construct -> Inicio
[18-Aug-2021 23:13:19 Europe/Berlin] Film construct -> Inicio
[18-Aug-2021 23:13:19 Europe/Berlin] Nombre de modelo models/filmsModel.php
[18-Aug-2021 23:13:19 Europe/Berlin] Get all ejecutando
[18-Aug-2021 23:13:19 Europe/Berlin] APP:: archivo Controller controllers/views.php
[18-Aug-2021 23:13:19 Europe/Berlin] No existe el archivo
[18-Aug-2021 23:13:19 Europe/Berlin] Error construct -> Inicio
[18-Aug-2021 23:13:19 Europe/Berlin] APP:: archivo Controller controllers/views.php
[18-Aug-2021 23:13:19 Europe/Berlin] No existe el archivo
[18-Aug-2021 23:13:19 Europe/Berlin] Error construct -> Inicio
[18-Aug-2021 23:19:02 Europe/Berlin] APP:: archivo Controller controllers/l.php
[18-Aug-2021 23:19:02 Europe/Berlin] No existe el archivo
[18-Aug-2021 23:19:02 Europe/Berlin] Error construct -> Inicio
[18-Aug-2021 23:19:03 Europe/Berlin] APP:: archivo Controller controllers/views.php
[18-Aug-2021 23:19:03 Europe/Berlin] No existe el archivo
[18-Aug-2021 23:19:03 Europe/Berlin] Error construct -> Inicio
[18-Aug-2021 23:19:11 Europe/Berlin] APP:: archivo Controller controllers/film.php
[18-Aug-2021 23:19:11 Europe/Berlin] Film construct -> Inicio
[18-Aug-2021 23:19:11 Europe/Berlin] Nombre de modelo models/filmModel.php
[18-Aug-2021 23:19:11 Europe/Berlin] Get all ejecutando
[18-Aug-2021 23:19:11 Europe/Berlin] APP:: archivo Controller controllers/views.php
[18-Aug-2021 23:19:11 Europe/Berlin] No existe el archivo
[18-Aug-2021 23:19:11 Europe/Berlin] Error construct -> Inicio
[18-Aug-2021 23:19:11 Europe/Berlin] APP:: archivo Controller controllers/views.php
[18-Aug-2021 23:19:11 Europe/Berlin] No existe el archivo
[18-Aug-2021 23:19:11 Europe/Berlin] Error construct -> Inicio
[18-Aug-2021 23:19:48 Europe/Berlin] APP:: archivo Controller controllers/films.php
[18-Aug-2021 23:19:48 Europe/Berlin] Film construct -> Inicio
[18-Aug-2021 23:19:48 Europe/Berlin] Nombre de modelo models/filmsModel.php
[18-Aug-2021 23:19:48 Europe/Berlin] Get all ejecutando
[18-Aug-2021 23:19:48 Europe/Berlin] APP:: archivo Controller controllers/views.php
[18-Aug-2021 23:19:48 Europe/Berlin] No existe el archivo
[18-Aug-2021 23:19:48 Europe/Berlin] Error construct -> Inicio
[18-Aug-2021 23:19:48 Europe/Berlin] APP:: archivo Controller controllers/views.php
[18-Aug-2021 23:19:48 Europe/Berlin] No existe el archivo
[18-Aug-2021 23:19:48 Europe/Berlin] Error construct -> Inicio
[18-Aug-2021 23:42:58 Europe/Berlin] Film construct -> Inicio
[18-Aug-2021 23:42:58 Europe/Berlin] Nombre de modelo models/filmsModel.php
[18-Aug-2021 23:42:58 Europe/Berlin] Get all ejecutando
[18-Aug-2021 23:42:58 Europe/Berlin] APP:: archivo Controller controllers/views.php
[18-Aug-2021 23:42:58 Europe/Berlin] No existe el archivo
[18-Aug-2021 23:42:58 Europe/Berlin] Error construct -> Inicio
[18-Aug-2021 23:42:58 Europe/Berlin] APP:: archivo Controller controllers/views.php
[18-Aug-2021 23:42:58 Europe/Berlin] No existe el archivo
[18-Aug-2021 23:42:58 Europe/Berlin] Error construct -> Inicio
[18-Aug-2021 23:48:38 Europe/Berlin] Film construct -> Inicio
[18-Aug-2021 23:48:38 Europe/Berlin] Nombre de modelo models/filmsModel.php
[18-Aug-2021 23:48:38 Europe/Berlin] Get all ejecutando
[18-Aug-2021 23:48:38 Europe/Berlin] APP:: archivo Controller controllers/views.php
[18-Aug-2021 23:48:38 Europe/Berlin] No existe el archivo
[18-Aug-2021 23:48:38 Europe/Berlin] APP:: archivo Controller controllers/views.php
[18-Aug-2021 23:48:38 Europe/Berlin] Error construct -> Inicio
[18-Aug-2021 23:48:38 Europe/Berlin] No existe el archivo
[18-Aug-2021 23:48:38 Europe/Berlin] Error construct -> Inicio
[18-Aug-2021 23:48:44 Europe/Berlin] APP:: archivo Controller controllers/Film.php
[18-Aug-2021 23:48:44 Europe/Berlin] Film construct -> Inicio
[18-Aug-2021 23:48:44 Europe/Berlin] Nombre de modelo models/FilmModel.php
[18-Aug-2021 23:48:44 Europe/Berlin] Get all ejecutando
[18-Aug-2021 23:48:44 Europe/Berlin] APP:: archivo Controller controllers/views.php
[18-Aug-2021 23:48:44 Europe/Berlin] No existe el archivo
[18-Aug-2021 23:48:44 Europe/Berlin] Error construct -> Inicio
[18-Aug-2021 23:48:44 Europe/Berlin] APP:: archivo Controller controllers/views.php
[18-Aug-2021 23:48:44 Europe/Berlin] No existe el archivo
[18-Aug-2021 23:48:44 Europe/Berlin] Error construct -> Inicio
